Reading netlist file: "E:\Dads_Files\FujiNet_20K\impl\gwsynthesis\FujiNet_20K.vg"
Parsing netlist file "E:\Dads_Files\FujiNet_20K\impl\gwsynthesis\FujiNet_20K.vg" completed
Processing netlist completed
Reading constraint file: "E:\Dads_Files\FujiNet_20K\src\FujiNet_20K.cst"
Physical Constraint parsed completed
Running placement......
[10%] Placement Phase 0 completed
[20%] Placement Phase 1 completed
[30%] Placement Phase 2 completed
[50%] Placement Phase 3 completed
Running routing......
[60%] Routing Phase 0 completed
[70%] Routing Phase 1 completed
[80%] Routing Phase 2 completed
[90%] Routing Phase 3 completed
Running timing analysis......
[95%] Timing analysis completed
Placement and routing completed
Bitstream generation in progress......
Bitstream generation completed
Running power analysis......
[100%] Power analysis completed
Generate file "E:\Dads_Files\FujiNet_20K\impl\pnr\FujiNet_20K.power.html" completed
Generate file "E:\Dads_Files\FujiNet_20K\impl\pnr\FujiNet_20K.pin.html" completed
Generate file "E:\Dads_Files\FujiNet_20K\impl\pnr\FujiNet_20K.rpt.html" completed
Generate file "E:\Dads_Files\FujiNet_20K\impl\pnr\FujiNet_20K.rpt.txt" completed
Generate file "E:\Dads_Files\FujiNet_20K\impl\pnr\FujiNet_20K.tr.html" completed
Fri Oct 11 10:07:23 2024

